#
# There is insufficient memory for the Java Runtime Environment to continue.
# Native memory allocation (mmap) failed to map 201326592 bytes for G1 virtual space
# Possible reasons:
#   The system is out of physical RAM or swap space
#   The process is running with CompressedOops enabled, and the Java Heap may be blocking the growth of the native heap
# Possible solutions:
#   Reduce memory load on the system
#   Increase physical memory or swap space
#   Check if swap backing store is full
#   Decrease Java heap size (-Xmx/-Xms)
#   Decrease number of Java threads
#   Decrease Java thread stack sizes (-Xss)
#   Set larger code cache with -XX:ReservedCodeCacheSize=
#   JVM is running with Zero Based Compressed Oops mode in which the Java heap is
#     placed in the first 32GB address space. The Java Heap base address is the
#     maximum limit for the native heap growth. Please use -XX:HeapBaseMinAddress
#     to set the Java Heap base and to place the Java Heap above 32GB virtual address.
# This output file may be truncated or incomplete.
#
#  Out of Memory Error (os_windows.cpp:3469), pid=7580, tid=13520
#
# JRE version:  (17.0+35) (build )
# Java VM: OpenJDK 64-Bit Server VM (17+35, mixed mode, sharing, tiered, compressed oops, compressed class ptrs, g1 gc, windows-amd64)
# No core dump will be written. Minidumps are not enabled by default on client versions of Windows
#

---------------  S U M M A R Y ------------

Command Line: -Dfile.encoding=Cp1252 -XX:+ShowCodeDetailsInExceptionMessages JocDeCartes.Apocalipsis

Host: AMD Ryzen 5 2600 Six-Core Processor            , 12 cores, 11G,  Windows 10 , 64 bit Build 19041 (10.0.19041.1348)
Time: Sat Dec  4 14:50:26 2021 Hora de verano de Marruecos elapsed time: 0.012163 seconds (0d 0h 0m 0s)

---------------  T H R E A D  ---------------

Current thread (0x0000023523f2b050):  JavaThread "Unknown thread" [_thread_in_vm, id=13520, stack(0x00000044a6600000,0x00000044a6700000)]

Stack: [0x00000044a6600000,0x00000044a6700000]
Native frames: (J=compiled Java code, j=interpreted, Vv=VM code, C=native code)
V  [jvm.dll+0x674afa]
V  [jvm.dll+0x82eb44]
V  [jvm.dll+0x8302ee]
V  [jvm.dll+0x830953]
V  [jvm.dll+0x245335]
V  [jvm.dll+0x671ae9]
V  [jvm.dll+0x6665b2]
V  [jvm.dll+0x303e3b]
V  [jvm.dll+0x30b376]
V  [jvm.dll+0x35b30e]
V  [jvm.dll+0x35b53f]
V  [jvm.dll+0x2dad78]
V  [jvm.dll+0x2dbce4]
V  [jvm.dll+0x8006a1]
V  [jvm.dll+0x369081]
V  [jvm.dll+0x7dfb6c]
V  [jvm.dll+0x3eb9bf]
V  [jvm.dll+0x3ed6f1]
C  [jli.dll+0x5277]
C  [ucrtbase.dll+0x21bb2]
C  [KERNEL32.DLL+0x17034]
C  [ntdll.dll+0x52651]


---------------  P R O C E S S  ---------------

Threads class SMR info:
_java_thread_list=0x00007ffecd504e58, length=0, elements={
}

Java Threads: ( => current thread )

Other Threads:
  0x0000023523f6edb0 GCTaskThread "GC Thread#0" [stack: 0x00000044a6700000,0x00000044a6800000] [id=10960]
  0x0000023523f7c3d0 ConcurrentGCThread "G1 Main Marker" [stack: 0x00000044a6800000,0x00000044a6900000] [id=9504]
  0x0000023523f7e1f0 ConcurrentGCThread "G1 Conc#0" [stack: 0x00000044a6900000,0x00000044a6a00000] [id=388]

[error occurred during error reporting (printing all threads), id 0xc0000005, EXCEPTION_ACCESS_VIOLATION (0xc0000005) at pc=0x00007ffecccdb7f7]

VM state: not at safepoint (not fully initialized)

VM Mutex/Monitor currently owned by a thread:  ([mutex/lock_event])
[0x0000023523f25d60] Heap_lock - owner thread: 0x0000023523f2b050

Heap address: 0x0000000740c00000, size: 3060 MB, Compressed Oops mode: Zero based, Oop shift amount: 3

CDS archive(s) mapped at: [0x0000000000000000-0x0000000000000000-0x0000000000000000), size 0, SharedBaseAddress: 0x0000000800000000, ArchiveRelocationMode: 0.
Narrow klass base: 0x0000000000000000, Narrow klass shift: 0, Narrow klass range: 0x0

GC Precious Log:
<Empty>

Heap:
 garbage-first heap   total 0K, used 0K [0x0000000740c00000, 0x0000000800000000)
  region size 2048K, 0 young (0K), 0 survivors (0K)

[error occurred during error reporting (printing heap information), id 0xc0000005, EXCEPTION_ACCESS_VIOLATION (0xc0000005) at pc=0x00007ffecd0bdfc9]

GC Heap History (0 events):
No events

Deoptimization events (0 events):
No events

Classes unloaded (0 events):
No events

Classes redefined (0 events):
No events

Internal exceptions (0 events):
No events

VM Operations (0 events):
No events

Events (1 events):
Event: 0.006 Loaded shared library C:\Users\Toni\.p2\pool\plugins\org.eclipse.justj.openjdk.hotspot.jre.full.win32.x86_64_17.0.0.v20211012-1059\jre\bin\java.dll


Dynamic libraries:
0x00007ff64f9d0000 - 0x00007ff64f9de000 	C:\Users\Toni\.p2\pool\plugins\org.eclipse.justj.openjdk.hotspot.jre.full.win32.x86_64_17.0.0.v20211012-1059\jre\bin\javaw.exe
0x00007fff289d0000 - 0x00007fff28bc5000 	C:\WINDOWS\SYSTEM32\ntdll.dll
0x00007fff27c60000 - 0x00007fff27d1e000 	C:\WINDOWS\System32\KERNEL32.DLL
0x00007fff262c0000 - 0x00007fff26588000 	C:\WINDOWS\System32\KERNELBASE.dll
0x00007fff266c0000 - 0x00007fff267c0000 	C:\WINDOWS\System32\ucrtbase.dll
0x00007fff17610000 - 0x00007fff17628000 	C:\Users\Toni\.p2\pool\plugins\org.eclipse.justj.openjdk.hotspot.jre.full.win32.x86_64_17.0.0.v20211012-1059\jre\bin\jli.dll
0x00007fff12040000 - 0x00007fff12059000 	C:\Users\Toni\.p2\pool\plugins\org.eclipse.justj.openjdk.hotspot.jre.full.win32.x86_64_17.0.0.v20211012-1059\jre\bin\VCRUNTIME140.dll
0x00007fff279a0000 - 0x00007fff27b41000 	C:\WINDOWS\System32\USER32.dll
0x00007fff26180000 - 0x00007fff261a2000 	C:\WINDOWS\System32\win32u.dll
0x00007fff1d8e0000 - 0x00007fff1db7a000 	C:\WINDOWS\WinSxS\amd64_microsoft.windows.common-controls_6595b64144ccf1df_6.0.19041.1110_none_60b5254171f9507e\COMCTL32.dll
0x00007fff27970000 - 0x00007fff2799b000 	C:\WINDOWS\System32\GDI32.dll
0x00007fff28560000 - 0x00007fff285fe000 	C:\WINDOWS\System32\msvcrt.dll
0x00007fff261b0000 - 0x00007fff262bb000 	C:\WINDOWS\System32\gdi32full.dll
0x00007fff26620000 - 0x00007fff266bd000 	C:\WINDOWS\System32\msvcp_win.dll
0x00007fff287c0000 - 0x00007fff287f0000 	C:\WINDOWS\System32\IMM32.DLL
0x00007fff1a140000 - 0x00007fff1a14c000 	C:\Users\Toni\.p2\pool\plugins\org.eclipse.justj.openjdk.hotspot.jre.full.win32.x86_64_17.0.0.v20211012-1059\jre\bin\vcruntime140_1.dll
0x00007fff00090000 - 0x00007fff00121000 	C:\Users\Toni\.p2\pool\plugins\org.eclipse.justj.openjdk.hotspot.jre.full.win32.x86_64_17.0.0.v20211012-1059\jre\bin\msvcp140.dll
0x00007ffecc9f0000 - 0x00007ffecd636000 	C:\Users\Toni\.p2\pool\plugins\org.eclipse.justj.openjdk.hotspot.jre.full.win32.x86_64_17.0.0.v20211012-1059\jre\bin\server\jvm.dll
0x00007fff276e0000 - 0x00007fff2778c000 	C:\WINDOWS\System32\ADVAPI32.dll
0x00007fff27d90000 - 0x00007fff27e2b000 	C:\WINDOWS\System32\sechost.dll
0x00007fff28690000 - 0x00007fff287ba000 	C:\WINDOWS\System32\RPCRT4.dll
0x00007fff27960000 - 0x00007fff27968000 	C:\WINDOWS\System32\PSAPI.DLL
0x00007fff20680000 - 0x00007fff2068a000 	C:\WINDOWS\SYSTEM32\VERSION.dll
0x00007fff09c40000 - 0x00007fff09c49000 	C:\WINDOWS\SYSTEM32\WSOCK32.dll
0x00007fff27d20000 - 0x00007fff27d8b000 	C:\WINDOWS\System32\WS2_32.dll
0x00007fff1df20000 - 0x00007fff1df47000 	C:\WINDOWS\SYSTEM32\WINMM.dll
0x00007fff24010000 - 0x00007fff24022000 	C:\WINDOWS\SYSTEM32\kernel.appcore.dll
0x00007fff195f0000 - 0x00007fff195fa000 	C:\Users\Toni\.p2\pool\plugins\org.eclipse.justj.openjdk.hotspot.jre.full.win32.x86_64_17.0.0.v20211012-1059\jre\bin\jimage.dll
0x00007fff14690000 - 0x00007fff14874000 	C:\WINDOWS\SYSTEM32\DBGHELP.DLL
0x00007fff14660000 - 0x00007fff1468c000 	C:\WINDOWS\SYSTEM32\dbgcore.DLL
0x00007fff260f0000 - 0x00007fff26173000 	C:\WINDOWS\System32\bcryptPrimitives.dll
0x00007fff10a20000 - 0x00007fff10a45000 	C:\Users\Toni\.p2\pool\plugins\org.eclipse.justj.openjdk.hotspot.jre.full.win32.x86_64_17.0.0.v20211012-1059\jre\bin\java.dll

dbghelp: loaded successfully - version: 4.0.5 - missing functions: none
symbol engine: initialized successfully - sym options: 0x614 - pdb path: .;C:\Users\Toni\.p2\pool\plugins\org.eclipse.justj.openjdk.hotspot.jre.full.win32.x86_64_17.0.0.v20211012-1059\jre\bin;C:\WINDOWS\SYSTEM32;C:\WINDOWS\WinSxS\amd64_microsoft.windows.common-controls_6595b64144ccf1df_6.0.19041.1110_none_60b5254171f9507e;C:\Users\Toni\.p2\pool\plugins\org.eclipse.justj.openjdk.hotspot.jre.full.win32.x86_64_17.0.0.v20211012-1059\jre\bin\server

VM Arguments:
jvm_args: -Dfile.encoding=Cp1252 -XX:+ShowCodeDetailsInExceptionMessages 
java_command: JocDeCartes.Apocalipsis
java_class_path (initial): D:\APPS\eclipse-workspace\ProgChornetToni\M03Programacio\bin
Launcher Type: SUN_STANDARD

[Global flags]
     intx CICompilerCount                          = 4                                         {product} {ergonomic}
     uint ConcGCThreads                            = 3                                         {product} {ergonomic}
     uint G1ConcRefinementThreads                  = 10                                        {product} {ergonomic}
   size_t G1HeapRegionSize                         = 2097152                                   {product} {ergonomic}
    uintx GCDrainStackTargetSize                   = 64                                        {product} {ergonomic}
   size_t InitialHeapSize                          = 201326592                                 {product} {ergonomic}
   size_t MarkStackSize                            = 4194304                                   {product} {ergonomic}
   size_t MaxHeapSize                              = 3208642560                                {product} {ergonomic}
   size_t MinHeapDeltaBytes                        = 2097152                                   {product} {ergonomic}
   size_t MinHeapSize                              = 8388608                                   {product} {ergonomic}
    uintx NonNMethodCodeHeapSize                   = 5839372                                {pd product} {ergonomic}
    uintx NonProfiledCodeHeapSize                  = 122909434                              {pd product} {ergonomic}
    uintx ProfiledCodeHeapSize                     = 122909434                              {pd product} {ergonomic}
    uintx ReservedCodeCacheSize                    = 251658240                              {pd product} {ergonomic}
     bool SegmentedCodeCache                       = true                                      {product} {ergonomic}
     bool ShowCodeDetailsInExceptionMessages       = true                                   {manageable} {command line}
   size_t SoftMaxHeapSize                          = 3208642560                             {manageable} {ergonomic}
     bool UseCompressedClassPointers               = true                           {product lp64_product} {ergonomic}
     bool UseCompressedOops                        = true                           {product lp64_product} {ergonomic}
     bool UseG1GC                                  = true                                      {product} {ergonomic}
     bool UseLargePagesIndividualAllocation        = false                                  {pd product} {ergonomic}

Logging:
Log output configuration:
 #0: stdout all=warning uptime,level,tags
 #1: stderr all=off uptime,level,tags

Environment Variables:
PATH=C:/Users/Toni/.p2/pool/plugins/org.eclipse.justj.openjdk.hotspot.jre.full.win32.x86_64_17.0.0.v20211012-1059/jre/bin/server;C:/Users/Toni/.p2/pool/plugins/org.eclipse.justj.openjdk.hotspot.jre.full.win32.x86_64_17.0.0.v20211012-1059/jre/bin;D:\Program Files\Common Files\Oracle\Java\javapath;C:\WINDOWS\system32;C:\WINDOWS;C:\WINDOWS\System32\Wbem;C:\WINDOWS\System32\WindowsPowerShell\v1.0\;C:\WINDOWS\System32\OpenSSH\;C:\Users\Toni\AppData\Local\Microsoft\WindowsApps;;D:\SISTEMA\Escriptori;
USERNAME=Toni
OS=Windows_NT
PROCESSOR_IDENTIFIER=AMD64 Family 23 Model 8 Stepping 2, AuthenticAMD



---------------  S Y S T E M  ---------------

OS:
 Windows 10 , 64 bit Build 19041 (10.0.19041.1348)
OS uptime: 3 days 16:05 hours

CPU: total 12 (initial active 12) (12 cores per cpu, 2 threads per core) family 23 model 8 stepping 2 microcode 0x0, cx8, cmov, fxsr, ht, mmx, 3dnowpref, sse, sse2, sse3, ssse3, sse4a, sse4.1, sse4.2, popcnt, lzcnt, tsc, tscinvbit, avx, avx2, aes, clmul, bmi1, bmi2, adx, sha, fma, vzeroupper, clflush, clflushopt

Memory: 4k page, system-wide physical 12237M (6474M free)
TotalPageFile size 19539M (AvailPageFile size 126M)
current process WorkingSet (physical memory assigned to process): 10M, peak: 10M
current process commit charge ("private bytes"): 63M, peak: 255M

vm_info: OpenJDK 64-Bit Server VM (17+35) for windows-amd64 JRE (17+35), built on Sep 14 2021 17:27:39 by "" with MS VC++ 16.7 (VS2019)

END.
